#
# There is insufficient memory for the Java Runtime Environment to continue.
# Native memory allocation (malloc) failed to allocate 32744 bytes for ChunkPool::allocate
# Possible reasons:
#   The system is out of physical RAM or swap space
#   The process is running with CompressedOops enabled, and the Java Heap may be blocking the growth of the native heap
# Possible solutions:
#   Reduce memory load on the system
#   Increase physical memory or swap space
#   Check if swap backing store is full
#   Decrease Java heap size (-Xmx/-Xms)
#   Decrease number of Java threads
#   Decrease Java thread stack sizes (-Xss)
#   Set larger code cache with -XX:ReservedCodeCacheSize=
#   JVM is running with Unscaled Compressed Oops mode in which the Java heap is
#     placed in the first 4GB address space. The Java Heap base address is the
#     maximum limit for the native heap growth. Please use -XX:HeapBaseMinAddress
#     to set the Java Heap base and to place the Java Heap above 4GB virtual address.
# This output file may be truncated or incomplete.
#
#  Out of Memory Error (allocation.cpp:272), pid=5788, tid=0x0000000000000f60
#
# JRE version: OpenJDK Runtime Environment (8.0_242-b01) (build 1.8.0_242-release-1644-b01)
# Java VM: OpenJDK 64-Bit Server VM (25.242-b01 mixed mode windows-amd64 compressed oops)
# Failed to write core dump. Minidumps are not enabled by default on client versions of Windows
#

---------------  T H R E A D  ---------------

Current thread (0x0000000018981800):  JavaThread "C1 CompilerThread3" daemon [_thread_in_native, id=3936, stack(0x0000000019540000,0x0000000019640000)]

Stack: [0x0000000019540000,0x0000000019640000]
[error occurred during error reporting (printing stack bounds), id 0xc0000005]

Native frames: (J=compiled Java code, j=interpreted, Vv=VM code, C=native code)


Current CompileTask:
C1:  16447  920       3       org.gradle.internal.logging.text.AbstractLineChoppingStyledTextOutput$1::execute (130 bytes)


---------------  P R O C E S S  ---------------

Java Threads: ( => current thread )
  0x000000001a3f1000 JavaThread "Forward input" [_thread_blocked, id=8720, stack(0x000000001b950000,0x000000001ba50000)]
  0x000000001a00b000 JavaThread "pool-1-thread-1" [_thread_blocked, id=18056, stack(0x000000001b010000,0x000000001b110000)]
  0x0000000018a10800 JavaThread "Service Thread" daemon [_thread_blocked, id=17500, stack(0x0000000019640000,0x0000000019740000)]
=>0x0000000018981800 JavaThread "C1 CompilerThread3" daemon [_thread_in_native, id=3936, stack(0x0000000019540000,0x0000000019640000)]
  0x000000001897b800 JavaThread "C2 CompilerThread2" daemon [_thread_blocked, id=12236, stack(0x0000000019440000,0x0000000019540000)]
  0x0000000018979800 JavaThread "C2 CompilerThread1" daemon [_thread_blocked, id=8016, stack(0x0000000019340000,0x0000000019440000)]
  0x0000000018977000 JavaThread "C2 CompilerThread0" daemon [_thread_blocked, id=15736, stack(0x0000000019240000,0x0000000019340000)]
  0x0000000018971000 JavaThread "Attach Listener" daemon [_thread_blocked, id=16480, stack(0x0000000019140000,0x0000000019240000)]
  0x0000000018970000 JavaThread "Signal Dispatcher" daemon [_thread_blocked, id=1600, stack(0x0000000019040000,0x0000000019140000)]
  0x0000000018960800 JavaThread "Finalizer" daemon [_thread_blocked, id=4124, stack(0x0000000018e40000,0x0000000018f40000)]
  0x0000000016b6b800 JavaThread "Reference Handler" daemon [_thread_blocked, id=15648, stack(0x0000000018d40000,0x0000000018e40000)]
  0x0000000002c62800 JavaThread "main" [_thread_in_native, id=5016, stack(0x0000000002af0000,0x0000000002bf0000)]

Other Threads:
  0x0000000016b66800 VMThread [stack: 0x0000000018840000,0x0000000018940000] [id=13048]
  0x00000000189ea800 WatcherThread [stack: 0x0000000019740000,0x0000000019840000] [id=7828]

VM state:not at safepoint (normal execution)

VM Mutex/Monitor currently owned by a thread: None

heap address: 0x00000000a0e00000, size: 1522 MB, Compressed Oops mode: 32-bit
Narrow klass base: 0x0000000000000000, Narrow klass shift: 3
Compressed class space size: 1073741824 Address: 0x0000000100000000

Heap:
 PSYoungGen      total 28672K, used 22159K [0x00000000e0500000, 0x00000000e2500000, 0x0000000100000000)
  eden space 24576K, 75% used [0x00000000e0500000,0x00000000e17122f0,0x00000000e1d00000)
  from space 4096K, 89% used [0x00000000e1d00000,0x00000000e2091cb0,0x00000000e2100000)
  to   space 4096K, 0% used [0x00000000e2100000,0x00000000e2100000,0x00000000e2500000)
 ParOldGen       total 65536K, used 16K [0x00000000a0e00000, 0x00000000a4e00000, 0x00000000e0500000)
  object space 65536K, 0% used [0x00000000a0e00000,0x00000000a0e04000,0x00000000a4e00000)
 Metaspace       used 10566K, capacity 10896K, committed 11008K, reserved 1058816K
  class space    used 1398K, capacity 1506K, committed 1536K, reserved 1048576K

Card table byte_map: [0x00000000121f0000,0x00000000124f0000] byte_map_base: 0x0000000011ce9000

Marking Bits: (ParMarkBitMap*) 0x000000006482f030
 Begin Bits: [0x0000000012ef0000, 0x00000000146b8000)
 End Bits:   [0x00000000146b8000, 0x0000000015e80000)

Polling page: 0x00000000012a0000

CodeCache: size=245760Kb used=3267Kb max_used=3267Kb free=242492Kb
 bounds [0x0000000002e30000, 0x0000000003170000, 0x0000000011e30000]
 total_blobs=1278 nmethods=919 adapters=274
 compilation: enabled

Compilation events (10 events):
Event: 16.439 Thread 0x0000000018981800 nmethod 915 0x0000000003160190 code [0x0000000003160320, 0x0000000003160768]
Event: 16.439 Thread 0x0000000018981800  916       3       org.gradle.internal.logging.text.AbstractLineChoppingStyledTextOutput$StateContext::hasChar (22 bytes)
Event: 16.439 Thread 0x0000000018981800 nmethod 916 0x0000000003160990 code [0x0000000003160ae0, 0x0000000003160c90]
Event: 16.439 Thread 0x0000000018981800  917       3       org.gradle.internal.logging.text.AbstractLineChoppingStyledTextOutput$StateContext::setState (10 bytes)
Event: 16.439 Thread 0x0000000018981800 nmethod 917 0x0000000003160d10 code [0x0000000003160e80, 0x0000000003161050]
Event: 16.439 Thread 0x0000000018981800  918       3       java.nio.ByteBuffer::arrayOffset (35 bytes)
Event: 16.439 Thread 0x0000000018981800 nmethod 918 0x0000000003161150 code [0x00000000031612e0, 0x00000000031615f8]
Event: 16.439 Thread 0x0000000018981800  919       3       org.gradle.internal.logging.text.AbstractLineChoppingStyledTextOutput$1::execute (9 bytes)
Event: 16.440 Thread 0x0000000018981800 nmethod 919 0x0000000003161750 code [0x00000000031618c0, 0x0000000003161b48]
Event: 16.440 Thread 0x0000000018981800  920       3       org.gradle.internal.logging.text.AbstractLineChoppingStyledTextOutput$1::execute (130 bytes)

GC Heap History (2 events):
Event: 1.098 GC heap before
{Heap before GC invocations=1 (full 0):
 PSYoungGen      total 28672K, used 24576K [0x00000000e0500000, 0x00000000e2500000, 0x0000000100000000)
  eden space 24576K, 100% used [0x00000000e0500000,0x00000000e1d00000,0x00000000e1d00000)
  from space 4096K, 0% used [0x00000000e2100000,0x00000000e2100000,0x00000000e2500000)
  to   space 4096K, 0% used [0x00000000e1d00000,0x00000000e1d00000,0x00000000e2100000)
 ParOldGen       total 65536K, used 0K [0x00000000a0e00000, 0x00000000a4e00000, 0x00000000e0500000)
  object space 65536K, 0% used [0x00000000a0e00000,0x00000000a0e00000,0x00000000a4e00000)
 Metaspace       used 7293K, capacity 7586K, committed 7808K, reserved 1056768K
  class space    used 914K, capacity 1039K, committed 1152K, reserved 1048576K
Event: 1.105 GC heap after
Heap after GC invocations=1 (full 0):
 PSYoungGen      total 28672K, used 3655K [0x00000000e0500000, 0x00000000e2500000, 0x0000000100000000)
  eden space 24576K, 0% used [0x00000000e0500000,0x00000000e0500000,0x00000000e1d00000)
  from space 4096K, 89% used [0x00000000e1d00000,0x00000000e2091cb0,0x00000000e2100000)
  to   space 4096K, 0% used [0x00000000e2100000,0x00000000e2100000,0x00000000e2500000)
 ParOldGen       total 65536K, used 16K [0x00000000a0e00000, 0x00000000a4e00000, 0x00000000e0500000)
  object space 65536K, 0% used [0x00000000a0e00000,0x00000000a0e04000,0x00000000a4e00000)
 Metaspace       used 7293K, capacity 7586K, committed 7808K, reserved 1056768K
  class space    used 914K, capacity 1039K, committed 1152K, reserved 1048576K
}

Deoptimization events (7 events):
Event: 0.970 Thread 0x0000000002c62800 Uncommon trap: reason=unstable_if action=reinterpret pc=0x000000000300d580 method=java.util.regex.Matcher.reset()Ljava/util/regex/Matcher; @ 47
Event: 0.970 Thread 0x0000000002c62800 Uncommon trap: reason=class_check action=maybe_recompile pc=0x000000000301ad48 method=java.util.regex.Matcher.match(II)Z @ 86
Event: 0.970 Thread 0x0000000002c62800 Uncommon trap: reason=class_check action=maybe_recompile pc=0x000000000301ad48 method=java.util.regex.Matcher.match(II)Z @ 86
Event: 0.970 Thread 0x0000000002c62800 Uncommon trap: reason=class_check action=maybe_recompile pc=0x000000000301ad48 method=java.util.regex.Matcher.match(II)Z @ 86
Event: 0.970 Thread 0x0000000002c62800 Uncommon trap: reason=class_check action=maybe_recompile pc=0x000000000301ad48 method=java.util.regex.Matcher.match(II)Z @ 86
Event: 1.335 Thread 0x0000000002c62800 Uncommon trap: reason=unstable_if action=reinterpret pc=0x00000000030c22f4 method=java.util.HashMap.getNode(ILjava/lang/Object;)Ljava/util/HashMap$Node; @ 129
Event: 1.335 Thread 0x0000000002c62800 Uncommon trap: reason=class_check action=maybe_recompile pc=0x00000000030c0d08 method=java.util.HashMap.putVal(ILjava/lang/Object;Ljava/lang/Object;ZZ)Ljava/lang/Object; @ 203

Classes redefined (0 events):
No events

Internal exceptions (10 events):
Event: 16.439 Thread 0x000000001a00b000 Exception <a 'java/io/IOException'> (0x00000000e0654210) thrown at [C:\src\AOSP-openjdk-git\hotspot\src\share\vm\prims\jni.cpp, line 710]
Event: 16.439 Thread 0x000000001a00b000 Exception <a 'java/io/IOException'> (0x00000000e0654658) thrown at [C:\src\AOSP-openjdk-git\hotspot\src\share\vm\prims\jni.cpp, line 710]
Event: 16.439 Thread 0x000000001a00b000 Exception <a 'java/io/IOException'> (0x00000000e0654ae8) thrown at [C:\src\AOSP-openjdk-git\hotspot\src\share\vm\prims\jni.cpp, line 710]
Event: 16.439 Thread 0x000000001a00b000 Exception <a 'java/io/IOException'> (0x00000000e0654f30) thrown at [C:\src\AOSP-openjdk-git\hotspot\src\share\vm\prims\jni.cpp, line 710]
Event: 16.440 Thread 0x000000001a00b000 Exception <a 'java/io/IOException'> (0x00000000e0655490) thrown at [C:\src\AOSP-openjdk-git\hotspot\src\share\vm\prims\jni.cpp, line 710]
Event: 16.440 Thread 0x000000001a00b000 Exception <a 'java/io/IOException'> (0x00000000e06558d8) thrown at [C:\src\AOSP-openjdk-git\hotspot\src\share\vm\prims\jni.cpp, line 710]
Event: 16.440 Thread 0x000000001a00b000 Exception <a 'java/io/IOException'> (0x00000000e0655d68) thrown at [C:\src\AOSP-openjdk-git\hotspot\src\share\vm\prims\jni.cpp, line 710]
Event: 16.440 Thread 0x000000001a00b000 Exception <a 'java/io/IOException'> (0x00000000e06561b0) thrown at [C:\src\AOSP-openjdk-git\hotspot\src\share\vm\prims\jni.cpp, line 710]
Event: 16.440 Thread 0x000000001a00b000 Exception <a 'java/io/IOException'> (0x00000000e0656690) thrown at [C:\src\AOSP-openjdk-git\hotspot\src\share\vm\prims\jni.cpp, line 710]
Event: 16.440 Thread 0x000000001a00b000 Exception <a 'java/io/IOException'> (0x00000000e0656ad8) thrown at [C:\src\AOSP-openjdk-git\hotspot\src\share\vm\prims\jni.cpp, line 710]

Events (10 events):
Event: 4.146 Executing VM operation: EnableBiasedLocking
Event: 4.146 Executing VM operation: EnableBiasedLocking done
Event: 16.278 loading class com/google/common/collect/CollectPreconditions
Event: 16.278 loading class com/google/common/collect/CollectPreconditions done
Event: 16.317 loading class org/gradle/internal/logging/events/StyledTextOutputEvent$Span
Event: 16.317 loading class org/gradle/internal/logging/events/StyledTextOutputEvent$Span done
Event: 16.320 loading class org/gradle/internal/logging/events/operations/StyledTextBuildOperationProgressDetails$Span
Event: 16.320 loading class org/gradle/internal/logging/events/operations/StyledTextBuildOperationProgressDetails$Span done
Event: 16.432 loading class org/gradle/internal/logging/text/AbstractLineChoppingStyledTextOutput$StateContext
Event: 16.432 loading class org/gradle/internal/logging/text/AbstractLineChoppingStyledTextOutput$StateContext done


Dynamic libraries:
0x00007ff7abe20000 - 0x00007ff7abe51000 	C:\Program Files\Android\Android Studio\jre\bin\java.exe
0x00007ffe4cd10000 - 0x00007ffe4cf05000 	C:\WINDOWS\SYSTEM32\ntdll.dll
0x00007ffe4bfb0000 - 0x00007ffe4c06d000 	C:\WINDOWS\System32\KERNEL32.DLL
0x00007ffe4a9d0000 - 0x00007ffe4ac98000 	C:\WINDOWS\System32\KERNELBASE.dll
0x00007ffe4b6a0000 - 0x00007ffe4b74c000 	C:\WINDOWS\System32\ADVAPI32.dll
0x00007ffe4b600000 - 0x00007ffe4b69e000 	C:\WINDOWS\System32\msvcrt.dll
0x00007ffe4c1a0000 - 0x00007ffe4c23b000 	C:\WINDOWS\System32\sechost.dll
0x00007ffe4b440000 - 0x00007ffe4b56b000 	C:\WINDOWS\System32\RPCRT4.dll
0x00007ffe4cb30000 - 0x00007ffe4ccd0000 	C:\WINDOWS\System32\USER32.dll
0x00007ffe4a6e0000 - 0x00007ffe4a702000 	C:\WINDOWS\System32\win32u.dll
0x00007ffe4bf80000 - 0x00007ffe4bfaa000 	C:\WINDOWS\System32\GDI32.dll
0x00007ffe4a710000 - 0x00007ffe4a81b000 	C:\WINDOWS\System32\gdi32full.dll
0x00007ffe4a640000 - 0x00007ffe4a6dd000 	C:\WINDOWS\System32\msvcp_win.dll
0x00007ffe4a450000 - 0x00007ffe4a550000 	C:\WINDOWS\System32\ucrtbase.dll
0x00007ffe381e0000 - 0x00007ffe3847a000 	C:\WINDOWS\WinSxS\amd64_microsoft.windows.common-controls_6595b64144ccf1df_6.0.19041.1052_none_60b8f8fd71f5e8cb\COMCTL32.dll
0x00007ffe4b210000 - 0x00007ffe4b240000 	C:\WINDOWS\System32\IMM32.DLL
0x00000000648b0000 - 0x0000000064982000 	C:\Program Files\Android\Android Studio\jre\jre\bin\msvcr100.dll
0x0000000064060000 - 0x00000000648ab000 	C:\Program Files\Android\Android Studio\jre\jre\bin\server\jvm.dll
0x00007ffe4b370000 - 0x00007ffe4b378000 	C:\WINDOWS\System32\PSAPI.DLL
0x00007ffe3f720000 - 0x00007ffe3f747000 	C:\WINDOWS\SYSTEM32\WINMM.dll
0x00007ffe40ad0000 - 0x00007ffe40ada000 	C:\WINDOWS\SYSTEM32\VERSION.dll
0x00007ffe356f0000 - 0x00007ffe356f9000 	C:\WINDOWS\SYSTEM32\WSOCK32.dll
0x00007ffe4baa0000 - 0x00007ffe4bb0b000 	C:\WINDOWS\System32\WS2_32.dll
0x00007ffe437f0000 - 0x00007ffe437ff000 	C:\Program Files\Android\Android Studio\jre\jre\bin\verify.dll
0x00007ffe437c0000 - 0x00007ffe437e9000 	C:\Program Files\Android\Android Studio\jre\jre\bin\java.dll
0x00007ffe437a0000 - 0x00007ffe437b6000 	C:\Program Files\Android\Android Studio\jre\jre\bin\zip.dll
0x00007ffe4c310000 - 0x00007ffe4ca4f000 	C:\WINDOWS\System32\SHELL32.dll
0x00007ffe485a0000 - 0x00007ffe48d30000 	C:\WINDOWS\SYSTEM32\windows.storage.dll
0x00007ffe4bbc0000 - 0x00007ffe4bf15000 	C:\WINDOWS\System32\combase.dll
0x00007ffe49df0000 - 0x00007ffe49e1c000 	C:\WINDOWS\SYSTEM32\Wldp.dll
0x00007ffe4bb10000 - 0x00007ffe4bbbe000 	C:\WINDOWS\System32\SHCORE.dll
0x00007ffe4bf20000 - 0x00007ffe4bf75000 	C:\WINDOWS\System32\shlwapi.dll
0x00007ffe4a390000 - 0x00007ffe4a3af000 	C:\WINDOWS\SYSTEM32\profapi.dll
0x00007ffe43780000 - 0x00007ffe4379a000 	C:\Program Files\Android\Android Studio\jre\jre\bin\net.dll
0x00007ffe49b60000 - 0x00007ffe49bca000 	C:\WINDOWS\system32\mswsock.dll
0x00007ffe3cf00000 - 0x00007ffe3cf13000 	C:\Program Files\Android\Android Studio\jre\jre\bin\nio.dll
0x00007ffe3c1a0000 - 0x00007ffe3c1c6000 	C:\Users\paanj\.gradle\native\fdc75f09e3144964f2cf3f50f0aa648679c211496f362492102eb8c894070792\windows-amd64\native-platform.dll
0x00007ffe03750000 - 0x00007ffe038e1000 	C:\Users\paanj\.gradle\native\12488b8bf47d2d4c9fbf2f6322a914ad602e24e48041cd04a747c6da556b65c4\windows-amd64\native-platform-file-events.dll
0x00007ffe43590000 - 0x00007ffe4359d000 	C:\Program Files\Android\Android Studio\jre\jre\bin\management.dll
0x00007ffe49d30000 - 0x00007ffe49d48000 	C:\WINDOWS\SYSTEM32\CRYPTSP.dll
0x00007ffe49500000 - 0x00007ffe49534000 	C:\WINDOWS\system32\rsaenh.dll
0x00007ffe4ad50000 - 0x00007ffe4ad77000 	C:\WINDOWS\System32\bcrypt.dll
0x00007ffe4a350000 - 0x00007ffe4a37e000 	C:\WINDOWS\SYSTEM32\USERENV.dll
0x00007ffe4a5b0000 - 0x00007ffe4a633000 	C:\WINDOWS\System32\bcryptprimitives.dll
0x00007ffe49d50000 - 0x00007ffe49d5c000 	C:\WINDOWS\SYSTEM32\CRYPTBASE.dll
0x00007ffe49850000 - 0x00007ffe4988b000 	C:\WINDOWS\SYSTEM32\IPHLPAPI.DLL
0x00007ffe4b240000 - 0x00007ffe4b248000 	C:\WINDOWS\System32\NSI.dll
0x00007ffe40be0000 - 0x00007ffe40bf7000 	C:\WINDOWS\SYSTEM32\dhcpcsvc6.DLL
0x00007ffe42810000 - 0x00007ffe4282d000 	C:\WINDOWS\SYSTEM32\dhcpcsvc.DLL
0x00007ffe49890000 - 0x00007ffe4995c000 	C:\WINDOWS\SYSTEM32\DNSAPI.dll
0x00007ffe42830000 - 0x00007ffe4283b000 	C:\WINDOWS\SYSTEM32\WINNSI.DLL

VM Arguments:
jvm_args: -Dorg.gradle.appname=gradlew 
java_command: org.gradle.wrapper.GradleWrapperMain -q -Ptarget-platform=android-x86 -Ptarget=C:\Users\paanj\Desktop\Detgas\detgas_1\detgas_1\lib\main.dart -Ptrack-widget-creation=true -Pfilesystem-scheme=org-dartlang-root -Pdart-defines=flutter.inspector.structuredErrors%3Dtrue assembleDebug
java_class_path (initial): C:\Users\paanj\Desktop\Detgas\detgas_1\detgas_1\android\\gradle\wrapper\gradle-wrapper.jar
Launcher Type: SUN_STANDARD

Environment Variables:
JAVA_HOME=C:\Program Files\Android\Android Studio\jre
CLASSPATH=C:\Users\paanj\Desktop\Detgas\detgas_1\detgas_1\android\\gradle\wrapper\gradle-wrapper.jar
PATH=C:\app\paanj\product\11.2.0\dbhome_3\bin;C:\Program Files (x86)\Common Files\Oracle\Java\javapath;C:\ProgramData\Oracle\Java\javapath;C:\WINDOWS\system32;C:\WINDOWS;C:\WINDOWS\System32\Wbem;C:\WINDOWS\System32\WindowsPowerShell\v1.0\;C:\WINDOWS\System32\OpenSSH\;C:\Program Files (x86)\dotnet\;C:\Program Files\PuTTY\;C:\Program Files\Git\cmd;C:\Users\paanj\AppData\Local\Microsoft\WindowsApps;C:\Users\paanj\AppData\Local\Programs\Microsoft VS Code\bin;C:\Program Files\Java\jre1.8.0_271\bin;C:\Program Files\Java\jre1.8.0_271\bin;;C:\flutter\bin\mingit\cmd
USERNAME=paanj
OS=Windows_NT
PROCESSOR_IDENTIFIER=AMD64 Family 23 Model 24 Stepping 1, AuthenticAMD



---------------  S Y S T E M  ---------------

OS: Windows 10.0 , 64 bit Build 19041 (10.0.19041.1023)

CPU:total 8 (initial active 8) (8 cores per cpu, 1 threads per core) family 23 model 24 stepping 1, cmov, cx8, fxsr, mmx, sse, sse2, sse3, ssse3, sse4.1, sse4.2, popcnt, avx, avx2, aes, clmul, mmxext, 3dnowpref, lzcnt, sse4a, tsc, tscinvbit, tscinv, bmi1

Memory: 4k page, physical 6228620k(131536k free), swap 25102988k(0k free)

vm_info: OpenJDK 64-Bit Server VM (25.242-b01) for windows-amd64 JRE (1.8.0_242-release-1644-b01), built by "builder" with MS VC++ 10.0 (VS2010)

time: Sun Jun 20 08:25:26 2021
timezone: Malay Peninsula Standard Time
elapsed time: 16 seconds (0d 0h 0m 16s)

